<?xml version="1.0" encoding="UTF-8"?>
<testng-results ignored="0" total="70" passed="67" failed="3" skipped="0">
  <reporter-output>
  </reporter-output>
  <suite started-at="2022-03-26T09:36:00 IST" name="Suite" finished-at="2022-03-26T09:37:47 IST" duration-ms="107488">
    <groups>
    </groups>
    <test started-at="2022-03-26T09:36:00 IST" name="Test1" finished-at="2022-03-26T09:36:12 IST" duration-ms="11932">
      <class name="runner.BuyPropertyArticle">
        <test-method is-config="true" signature="required()[pri:0, instance:runner.BuyPropertyArticle@dd0c991]" started-at="2022-03-26T09:36:00 IST" name="required" finished-at="2022-03-26T09:36:00 IST" duration-ms="19" status="PASS">
          <reporter-output>
          </reporter-output>
        </test-method> <!-- required -->
        <test-method is-config="true" signature="driverSetUp(java.lang.String)[pri:0, instance:runner.BuyPropertyArticle@dd0c991]" started-at="2022-03-26T09:36:00 IST" name="driverSetUp" finished-at="2022-03-26T09:36:02 IST" duration-ms="1777" status="PASS">
          <params>
            <param index="0">
              <value>
                <![CDATA[chrome]]>
              </value>
            </param>
          </params>
          <reporter-output>
          </reporter-output>
        </test-method> <!-- driverSetUp -->
        <test-method signature="setUp()[pri:0, instance:runner.BuyPropertyArticle@dd0c991]" started-at="2022-03-26T09:36:02 IST" name="setUp" finished-at="2022-03-26T09:36:02 IST" duration-ms="4" status="PASS">
          <reporter-output>
          </reporter-output>
        </test-method> <!-- setUp -->
        <test-method signature="openNoDroker()[pri:1, instance:runner.BuyPropertyArticle@dd0c991]" started-at="2022-03-26T09:36:02 IST" name="openNoDroker" finished-at="2022-03-26T09:36:05 IST" duration-ms="3368" status="PASS">
          <reporter-output>
          </reporter-output>
        </test-method> <!-- openNoDroker -->
        <test-method signature="selectSearchType()[pri:2, instance:runner.BuyPropertyArticle@dd0c991]" started-at="2022-03-26T09:36:05 IST" name="selectSearchType" finished-at="2022-03-26T09:36:05 IST" duration-ms="346" status="PASS">
          <reporter-output>
          </reporter-output>
        </test-method> <!-- selectSearchType -->
        <test-method signature="selectCity()[pri:3, instance:runner.BuyPropertyArticle@dd0c991]" started-at="2022-03-26T09:36:05 IST" name="selectCity" finished-at="2022-03-26T09:36:05 IST" duration-ms="261" status="PASS">
          <reporter-output>
          </reporter-output>
        </test-method> <!-- selectCity -->
        <test-method signature="optionFromDropDown()[pri:4, instance:runner.BuyPropertyArticle@dd0c991]" started-at="2022-03-26T09:36:05 IST" name="optionFromDropDown" finished-at="2022-03-26T09:36:06 IST" duration-ms="536" status="PASS">
          <reporter-output>
          </reporter-output>
        </test-method> <!-- optionFromDropDown -->
        <test-method signature="selectLocalityAndSearch()[pri:5, instance:runner.BuyPropertyArticle@dd0c991]" started-at="2022-03-26T09:36:06 IST" name="selectLocalityAndSearch" finished-at="2022-03-26T09:36:08 IST" duration-ms="1939" status="PASS">
          <reporter-output>
          </reporter-output>
        </test-method> <!-- selectLocalityAndSearch -->
        <test-method signature="clickArticle()[pri:7, instance:runner.BuyPropertyArticle@dd0c991]" started-at="2022-03-26T09:36:08 IST" name="clickArticle" finished-at="2022-03-26T09:36:09 IST" duration-ms="1142" status="PASS">
          <reporter-output>
          </reporter-output>
        </test-method> <!-- clickArticle -->
        <test-method signature="seePhotos()[pri:8, instance:runner.BuyPropertyArticle@dd0c991]" started-at="2022-03-26T09:36:09 IST" name="seePhotos" finished-at="2022-03-26T09:36:10 IST" duration-ms="1013" status="PASS">
          <reporter-output>
          </reporter-output>
        </test-method> <!-- seePhotos -->
        <test-method is-config="true" signature="driverExit()[pri:0, instance:runner.BuyPropertyArticle@dd0c991]" started-at="2022-03-26T09:36:10 IST" name="driverExit" finished-at="2022-03-26T09:36:12 IST" duration-ms="1491" status="PASS">
          <reporter-output>
          </reporter-output>
        </test-method> <!-- driverExit -->
      </class> <!-- runner.BuyPropertyArticle -->
    </test> <!-- Test1 -->
    <test started-at="2022-03-26T09:36:12 IST" name="Test2" finished-at="2022-03-26T09:36:23 IST" duration-ms="10958">
      <class name="runner.BuyPropertyMap">
        <test-method is-config="true" signature="required()[pri:0, instance:runner.BuyPropertyMap@52102734]" started-at="2022-03-26T09:36:12 IST" name="required" finished-at="2022-03-26T09:36:12 IST" duration-ms="0" status="PASS">
          <reporter-output>
          </reporter-output>
        </test-method> <!-- required -->
        <test-method is-config="true" signature="driverSetUp(java.lang.String)[pri:0, instance:runner.BuyPropertyMap@52102734]" started-at="2022-03-26T09:36:12 IST" name="driverSetUp" finished-at="2022-03-26T09:36:13 IST" duration-ms="825" status="PASS">
          <params>
            <param index="0">
              <value>
                <![CDATA[chrome]]>
              </value>
            </param>
          </params>
          <reporter-output>
          </reporter-output>
        </test-method> <!-- driverSetUp -->
        <test-method signature="openNoDroker()[pri:1, instance:runner.BuyPropertyMap@52102734]" started-at="2022-03-26T09:36:13 IST" name="openNoDroker" finished-at="2022-03-26T09:36:15 IST" duration-ms="2402" status="PASS">
          <reporter-output>
          </reporter-output>
        </test-method> <!-- openNoDroker -->
        <test-method signature="setUp()[pri:0, instance:runner.BuyPropertyMap@52102734]" started-at="2022-03-26T09:36:13 IST" name="setUp" finished-at="2022-03-26T09:36:13 IST" duration-ms="0" status="PASS">
          <reporter-output>
          </reporter-output>
        </test-method> <!-- setUp -->
        <test-method signature="selectSearchType()[pri:2, instance:runner.BuyPropertyMap@52102734]" started-at="2022-03-26T09:36:15 IST" name="selectSearchType" finished-at="2022-03-26T09:36:16 IST" duration-ms="625" status="PASS">
          <reporter-output>
          </reporter-output>
        </test-method> <!-- selectSearchType -->
        <test-method signature="selectCity()[pri:3, instance:runner.BuyPropertyMap@52102734]" started-at="2022-03-26T09:36:16 IST" name="selectCity" finished-at="2022-03-26T09:36:16 IST" duration-ms="188" status="PASS">
          <reporter-output>
          </reporter-output>
        </test-method> <!-- selectCity -->
        <test-method signature="optionFromDropDown()[pri:4, instance:runner.BuyPropertyMap@52102734]" started-at="2022-03-26T09:36:16 IST" name="optionFromDropDown" finished-at="2022-03-26T09:36:16 IST" duration-ms="487" status="PASS">
          <reporter-output>
          </reporter-output>
        </test-method> <!-- optionFromDropDown -->
        <test-method signature="selectLocalityAndSearch()[pri:5, instance:runner.BuyPropertyMap@52102734]" started-at="2022-03-26T09:36:16 IST" name="selectLocalityAndSearch" finished-at="2022-03-26T09:36:18 IST" duration-ms="2012" status="PASS">
          <reporter-output>
          </reporter-output>
        </test-method> <!-- selectLocalityAndSearch -->
        <test-method signature="swithMapAndZoom()[pri:7, instance:runner.BuyPropertyMap@52102734]" started-at="2022-03-26T09:36:18 IST" name="swithMapAndZoom" finished-at="2022-03-26T09:36:21 IST" duration-ms="3217" status="PASS">
          <reporter-output>
          </reporter-output>
        </test-method> <!-- swithMapAndZoom -->
        <test-method is-config="true" signature="driverExit()[pri:0, instance:runner.BuyPropertyMap@52102734]" started-at="2022-03-26T09:36:21 IST" name="driverExit" finished-at="2022-03-26T09:36:23 IST" duration-ms="1195" status="PASS">
          <reporter-output>
          </reporter-output>
        </test-method> <!-- driverExit -->
      </class> <!-- runner.BuyPropertyMap -->
    </test> <!-- Test2 -->
    <test started-at="2022-03-26T09:36:23 IST" name="Test3" finished-at="2022-03-26T09:36:34 IST" duration-ms="11784">
      <class name="runner.RentMap">
        <test-method is-config="true" signature="required()[pri:0, instance:runner.RentMap@3315d2d7]" started-at="2022-03-26T09:36:23 IST" name="required" finished-at="2022-03-26T09:36:23 IST" duration-ms="0" status="PASS">
          <reporter-output>
          </reporter-output>
        </test-method> <!-- required -->
        <test-method is-config="true" signature="driverSetUp(java.lang.String)[pri:0, instance:runner.RentMap@3315d2d7]" started-at="2022-03-26T09:36:23 IST" name="driverSetUp" finished-at="2022-03-26T09:36:24 IST" duration-ms="877" status="PASS">
          <params>
            <param index="0">
              <value>
                <![CDATA[chrome]]>
              </value>
            </param>
          </params>
          <reporter-output>
          </reporter-output>
        </test-method> <!-- driverSetUp -->
        <test-method signature="openNoDroker()[pri:1, instance:runner.RentMap@3315d2d7]" started-at="2022-03-26T09:36:24 IST" name="openNoDroker" finished-at="2022-03-26T09:36:26 IST" duration-ms="2055" status="PASS">
          <reporter-output>
          </reporter-output>
        </test-method> <!-- openNoDroker -->
        <test-method signature="setUp()[pri:0, instance:runner.RentMap@3315d2d7]" started-at="2022-03-26T09:36:24 IST" name="setUp" finished-at="2022-03-26T09:36:24 IST" duration-ms="0" status="PASS">
          <reporter-output>
          </reporter-output>
        </test-method> <!-- setUp -->
        <test-method signature="selectSearchType()[pri:2, instance:runner.RentMap@3315d2d7]" started-at="2022-03-26T09:36:26 IST" name="selectSearchType" finished-at="2022-03-26T09:36:26 IST" duration-ms="655" status="PASS">
          <reporter-output>
          </reporter-output>
        </test-method> <!-- selectSearchType -->
        <test-method signature="selectCity()[pri:3, instance:runner.RentMap@3315d2d7]" started-at="2022-03-26T09:36:26 IST" name="selectCity" finished-at="2022-03-26T09:36:27 IST" duration-ms="299" status="PASS">
          <reporter-output>
          </reporter-output>
        </test-method> <!-- selectCity -->
        <test-method signature="selectRentPropertyType()[pri:4, instance:runner.RentMap@3315d2d7]" started-at="2022-03-26T09:36:27 IST" name="selectRentPropertyType" finished-at="2022-03-26T09:36:27 IST" duration-ms="97" status="PASS">
          <reporter-output>
          </reporter-output>
        </test-method> <!-- selectRentPropertyType -->
        <test-method signature="optionFromDropDown()[pri:5, instance:runner.RentMap@3315d2d7]" started-at="2022-03-26T09:36:27 IST" name="optionFromDropDown" finished-at="2022-03-26T09:36:27 IST" duration-ms="418" status="PASS">
          <reporter-output>
          </reporter-output>
        </test-method> <!-- optionFromDropDown -->
        <test-method signature="selectLocalityAndSearch()[pri:6, instance:runner.RentMap@3315d2d7]" started-at="2022-03-26T09:36:27 IST" name="selectLocalityAndSearch" finished-at="2022-03-26T09:36:29 IST" duration-ms="1956" status="PASS">
          <reporter-output>
          </reporter-output>
        </test-method> <!-- selectLocalityAndSearch -->
        <test-method signature="swithMapAndZoom()[pri:7, instance:runner.RentMap@3315d2d7]" started-at="2022-03-26T09:36:29 IST" name="swithMapAndZoom" finished-at="2022-03-26T09:36:33 IST" duration-ms="4225" status="PASS">
          <reporter-output>
          </reporter-output>
        </test-method> <!-- swithMapAndZoom -->
        <test-method is-config="true" signature="driverExit()[pri:0, instance:runner.RentMap@3315d2d7]" started-at="2022-03-26T09:36:33 IST" name="driverExit" finished-at="2022-03-26T09:36:34 IST" duration-ms="1196" status="PASS">
          <reporter-output>
          </reporter-output>
        </test-method> <!-- driverExit -->
      </class> <!-- runner.RentMap -->
    </test> <!-- Test3 -->
    <test started-at="2022-03-26T09:36:35 IST" name="Test4" finished-at="2022-03-26T09:36:53 IST" duration-ms="18457">
      <class name="runner.RentArticle">
        <test-method is-config="true" signature="required()[pri:0, instance:runner.RentArticle@1649b0e6]" started-at="2022-03-26T09:36:35 IST" name="required" finished-at="2022-03-26T09:36:35 IST" duration-ms="0" status="PASS">
          <reporter-output>
          </reporter-output>
        </test-method> <!-- required -->
        <test-method is-config="true" signature="driverSetUp(java.lang.String)[pri:0, instance:runner.RentArticle@1649b0e6]" started-at="2022-03-26T09:36:35 IST" name="driverSetUp" finished-at="2022-03-26T09:36:35 IST" duration-ms="778" status="PASS">
          <params>
            <param index="0">
              <value>
                <![CDATA[chrome]]>
              </value>
            </param>
          </params>
          <reporter-output>
          </reporter-output>
        </test-method> <!-- driverSetUp -->
        <test-method signature="setUp()[pri:0, instance:runner.RentArticle@1649b0e6]" started-at="2022-03-26T09:36:35 IST" name="setUp" finished-at="2022-03-26T09:36:35 IST" duration-ms="1" status="PASS">
          <reporter-output>
          </reporter-output>
        </test-method> <!-- setUp -->
        <test-method signature="openNoDroker()[pri:1, instance:runner.RentArticle@1649b0e6]" started-at="2022-03-26T09:36:35 IST" name="openNoDroker" finished-at="2022-03-26T09:36:38 IST" duration-ms="2941" status="PASS">
          <reporter-output>
          </reporter-output>
        </test-method> <!-- openNoDroker -->
        <test-method signature="selectSearchType()[pri:2, instance:runner.RentArticle@1649b0e6]" started-at="2022-03-26T09:36:38 IST" name="selectSearchType" finished-at="2022-03-26T09:36:39 IST" duration-ms="349" status="PASS">
          <reporter-output>
          </reporter-output>
        </test-method> <!-- selectSearchType -->
        <test-method signature="selectCity()[pri:3, instance:runner.RentArticle@1649b0e6]" started-at="2022-03-26T09:36:39 IST" name="selectCity" finished-at="2022-03-26T09:36:39 IST" duration-ms="473" status="PASS">
          <reporter-output>
          </reporter-output>
        </test-method> <!-- selectCity -->
        <test-method signature="selectRentPropertyType()[pri:4, instance:runner.RentArticle@1649b0e6]" started-at="2022-03-26T09:36:39 IST" name="selectRentPropertyType" finished-at="2022-03-26T09:36:39 IST" duration-ms="75" status="PASS">
          <reporter-output>
          </reporter-output>
        </test-method> <!-- selectRentPropertyType -->
        <test-method signature="optionFromDropDown()[pri:5, instance:runner.RentArticle@1649b0e6]" started-at="2022-03-26T09:36:39 IST" name="optionFromDropDown" finished-at="2022-03-26T09:36:40 IST" duration-ms="420" status="PASS">
          <reporter-output>
          </reporter-output>
        </test-method> <!-- optionFromDropDown -->
        <test-method signature="selectLocalityAndSearch()[pri:6, instance:runner.RentArticle@1649b0e6]" started-at="2022-03-26T09:36:40 IST" name="selectLocalityAndSearch" finished-at="2022-03-26T09:36:41 IST" duration-ms="1725" status="PASS">
          <reporter-output>
          </reporter-output>
        </test-method> <!-- selectLocalityAndSearch -->
        <test-method signature="clickArticle()[pri:7, instance:runner.RentArticle@1649b0e6]" started-at="2022-03-26T09:36:41 IST" name="clickArticle" finished-at="2022-03-26T09:36:42 IST" duration-ms="489" status="FAIL">
          <exception class="java.lang.IndexOutOfBoundsException">
            <message>
              <![CDATA[Index 1 out of bounds for length 1]]>
            </message>
            <full-stacktrace>
              <![CDATA[java.lang.IndexOutOfBoundsException: Index 1 out of bounds for length 1
at java.base/jdk.internal.util.Preconditions.outOfBounds(Preconditions.java:64)
at java.base/jdk.internal.util.Preconditions.outOfBoundsCheckIndex(Preconditions.java:70)
at java.base/jdk.internal.util.Preconditions.checkIndex(Preconditions.java:266)
at java.base/java.util.Objects.checkIndex(Objects.java:359)
at java.base/java.util.ArrayList.get(ArrayList.java:427)
at reusable.WebDriverHelper.switchTab(WebDriverHelper.java:49)
at pageobject.PropertiesListPage.clickArtical(PropertiesListPage.java:55)
at runner.RentArticle.clickArticle(RentArticle.java:79)
at java.base/jdk.internal.reflect.NativeMethodAccessorImpl.invoke0(Native Method)
at java.base/jdk.internal.reflect.NativeMethodAccessorImpl.invoke(NativeMethodAccessorImpl.java:78)
at java.base/jdk.internal.reflect.DelegatingMethodAccessorImpl.invoke(DelegatingMethodAccessorImpl.java:43)
at java.base/java.lang.reflect.Method.invoke(Method.java:567)
at org.testng.internal.MethodInvocationHelper.invokeMethod(MethodInvocationHelper.java:133)
at org.testng.internal.TestInvoker.invokeMethod(TestInvoker.java:584)
at org.testng.internal.TestInvoker.invokeTestMethod(TestInvoker.java:172)
at org.testng.internal.MethodRunner.runInSequence(MethodRunner.java:46)
at org.testng.internal.TestInvoker$MethodInvocationAgent.invoke(TestInvoker.java:804)
at org.testng.internal.TestInvoker.invokeTestMethods(TestInvoker.java:145)
at org.testng.internal.TestMethodWorker.invokeTestMethods(TestMethodWorker.java:146)
at org.testng.internal.TestMethodWorker.run(TestMethodWorker.java:128)
at java.base/java.util.ArrayList.forEach(ArrayList.java:1511)
at org.testng.TestRunner.privateRun(TestRunner.java:770)
at org.testng.TestRunner.run(TestRunner.java:591)
at org.testng.SuiteRunner.runTest(SuiteRunner.java:402)
at org.testng.SuiteRunner.runSequentially(SuiteRunner.java:396)
at org.testng.SuiteRunner.privateRun(SuiteRunner.java:355)
at org.testng.SuiteRunner.run(SuiteRunner.java:304)
at org.testng.SuiteRunnerWorker.runSuite(SuiteRunnerWorker.java:53)
at org.testng.SuiteRunnerWorker.run(SuiteRunnerWorker.java:96)
at org.testng.TestNG.runSuitesSequentially(TestNG.java:1180)
at org.testng.TestNG.runSuitesLocally(TestNG.java:1102)
at org.testng.TestNG.runSuites(TestNG.java:1032)
at org.testng.TestNG.run(TestNG.java:1000)
at org.apache.maven.surefire.testng.TestNGExecutor.run(TestNGExecutor.java:284)
at org.apache.maven.surefire.testng.TestNGXmlTestSuite.execute(TestNGXmlTestSuite.java:75)
at org.apache.maven.surefire.testng.TestNGProvider.invoke(TestNGProvider.java:119)
at org.apache.maven.surefire.booter.ForkedBooter.runSuitesInProcess(ForkedBooter.java:428)
at org.apache.maven.surefire.booter.ForkedBooter.execute(ForkedBooter.java:162)
at org.apache.maven.surefire.booter.ForkedBooter.run(ForkedBooter.java:562)
at org.apache.maven.surefire.booter.ForkedBooter.main(ForkedBooter.java:548)
]]>
            </full-stacktrace>
          </exception> <!-- java.lang.IndexOutOfBoundsException -->
          <reporter-output>
          </reporter-output>
        </test-method> <!-- clickArticle -->
        <test-method signature="seePhotos()[pri:8, instance:runner.RentArticle@1649b0e6]" started-at="2022-03-26T09:36:42 IST" name="seePhotos" finished-at="2022-03-26T09:36:52 IST" duration-ms="10041" status="FAIL">
          <exception class="org.openqa.selenium.NoSuchElementException">
            <message>
              <![CDATA[no such element: Unable to locate element: {"method":"css selector","selector":"[class='nb__baS10']"}
  (Session info: chrome=99.0.4844.82)
For documentation on this error, please visit: https://www.seleniumhq.org/exceptions/no_such_element.html
Build info: version: '3.141.59', revision: 'e82be7d358', time: '2018-11-14T08:17:03'
System info: host: 'LAPTOP-16O54L56', ip: '192.168.29.165', os.name: 'Windows 10', os.arch: 'amd64', os.version: '10.0', java.version: '16.0.2'
Driver info: org.openqa.selenium.chrome.ChromeDriver
Capabilities {acceptInsecureCerts: false, browserName: chrome, browserVersion: 99.0.4844.82, chrome: {chromedriverVersion: 98.0.4758.80 (7f0488e8ba0d8..., userDataDir: C:\Users\prave\AppData\Loca...}, goog:chromeOptions: {debuggerAddress: localhost:61875}, javascriptEnabled: true, networkConnectionEnabled: false, pageLoadStrategy: normal, platform: WINDOWS, platformName: WINDOWS, proxy: Proxy(), setWindowRect: true, strictFileInteractability: false, timeouts: {implicit: 0, pageLoad: 300000, script: 30000}, unhandledPromptBehavior: dismiss and notify, webauthn:extension:credBlob: true, webauthn:extension:largeBlob: true, webauthn:virtualAuthenticators: true}
Session ID: bf2efae8df6de59c788709c6d4f0f185
*** Element info: {Using=css selector, value=[class='nb__baS10']}]]>
            </message>
            <full-stacktrace>
              <![CDATA[org.openqa.selenium.NoSuchElementException: no such element: Unable to locate element: {"method":"css selector","selector":"[class='nb__baS10']"}
  (Session info: chrome=99.0.4844.82)
For documentation on this error, please visit: https://www.seleniumhq.org/exceptions/no_such_element.html
Build info: version: '3.141.59', revision: 'e82be7d358', time: '2018-11-14T08:17:03'
System info: host: 'LAPTOP-16O54L56', ip: '192.168.29.165', os.name: 'Windows 10', os.arch: 'amd64', os.version: '10.0', java.version: '16.0.2'
Driver info: org.openqa.selenium.chrome.ChromeDriver
Capabilities {acceptInsecureCerts: false, browserName: chrome, browserVersion: 99.0.4844.82, chrome: {chromedriverVersion: 98.0.4758.80 (7f0488e8ba0d8..., userDataDir: C:\Users\prave\AppData\Loca...}, goog:chromeOptions: {debuggerAddress: localhost:61875}, javascriptEnabled: true, networkConnectionEnabled: false, pageLoadStrategy: normal, platform: WINDOWS, platformName: WINDOWS, proxy: Proxy(), setWindowRect: true, strictFileInteractability: false, timeouts: {implicit: 0, pageLoad: 300000, script: 30000}, unhandledPromptBehavior: dismiss and notify, webauthn:extension:credBlob: true, webauthn:extension:largeBlob: true, webauthn:virtualAuthenticators: true}
Session ID: bf2efae8df6de59c788709c6d4f0f185
*** Element info: {Using=css selector, value=[class='nb__baS10']}
at java.base/jdk.internal.reflect.NativeConstructorAccessorImpl.newInstance0(Native Method)
at java.base/jdk.internal.reflect.NativeConstructorAccessorImpl.newInstance(NativeConstructorAccessorImpl.java:78)
at java.base/jdk.internal.reflect.DelegatingConstructorAccessorImpl.newInstance(DelegatingConstructorAccessorImpl.java:45)
at java.base/java.lang.reflect.Constructor.newInstanceWithCaller(Constructor.java:499)
at java.base/java.lang.reflect.Constructor.newInstance(Constructor.java:480)
at org.openqa.selenium.remote.http.W3CHttpResponseCodec.createException(W3CHttpResponseCodec.java:187)
at org.openqa.selenium.remote.http.W3CHttpResponseCodec.decode(W3CHttpResponseCodec.java:122)
at org.openqa.selenium.remote.http.W3CHttpResponseCodec.decode(W3CHttpResponseCodec.java:49)
at org.openqa.selenium.remote.HttpCommandExecutor.execute(HttpCommandExecutor.java:158)
at org.openqa.selenium.remote.service.DriverCommandExecutor.execute(DriverCommandExecutor.java:83)
at org.openqa.selenium.remote.RemoteWebDriver.execute(RemoteWebDriver.java:552)
at org.openqa.selenium.remote.RemoteWebDriver.findElement(RemoteWebDriver.java:323)
at org.openqa.selenium.remote.RemoteWebDriver.findElementByCssSelector(RemoteWebDriver.java:420)
at org.openqa.selenium.By$ByCssSelector.findElement(By.java:431)
at org.openqa.selenium.remote.RemoteWebDriver.findElement(RemoteWebDriver.java:315)
at reusable.WebDriverHelper.clickElement(WebDriverHelper.java:20)
at pageobject.PropertyPage.photos(PropertyPage.java:29)
at runner.RentArticle.seePhotos(RentArticle.java:85)
at java.base/jdk.internal.reflect.NativeMethodAccessorImpl.invoke0(Native Method)
at java.base/jdk.internal.reflect.NativeMethodAccessorImpl.invoke(NativeMethodAccessorImpl.java:78)
at java.base/jdk.internal.reflect.DelegatingMethodAccessorImpl.invoke(DelegatingMethodAccessorImpl.java:43)
at java.base/java.lang.reflect.Method.invoke(Method.java:567)
at org.testng.internal.MethodInvocationHelper.invokeMethod(MethodInvocationHelper.java:133)
at org.testng.internal.TestInvoker.invokeMethod(TestInvoker.java:584)
at org.testng.internal.TestInvoker.invokeTestMethod(TestInvoker.java:172)
at org.testng.internal.MethodRunner.runInSequence(MethodRunner.java:46)
at org.testng.internal.TestInvoker$MethodInvocationAgent.invoke(TestInvoker.java:804)
at org.testng.internal.TestInvoker.invokeTestMethods(TestInvoker.java:145)
at org.testng.internal.TestMethodWorker.invokeTestMethods(TestMethodWorker.java:146)
at org.testng.internal.TestMethodWorker.run(TestMethodWorker.java:128)
at java.base/java.util.ArrayList.forEach(ArrayList.java:1511)
at org.testng.TestRunner.privateRun(TestRunner.java:770)
at org.testng.TestRunner.run(TestRunner.java:591)
at org.testng.SuiteRunner.runTest(SuiteRunner.java:402)
at org.testng.SuiteRunner.runSequentially(SuiteRunner.java:396)
at org.testng.SuiteRunner.privateRun(SuiteRunner.java:355)
at org.testng.SuiteRunner.run(SuiteRunner.java:304)
at org.testng.SuiteRunnerWorker.runSuite(SuiteRunnerWorker.java:53)
at org.testng.SuiteRunnerWorker.run(SuiteRunnerWorker.java:96)
at org.testng.TestNG.runSuitesSequentially(TestNG.java:1180)
at org.testng.TestNG.runSuitesLocally(TestNG.java:1102)
at org.testng.TestNG.runSuites(TestNG.java:1032)
at org.testng.TestNG.run(TestNG.java:1000)
at org.apache.maven.surefire.testng.TestNGExecutor.run(TestNGExecutor.java:284)
at org.apache.maven.surefire.testng.TestNGXmlTestSuite.execute(TestNGXmlTestSuite.java:75)
at org.apache.maven.surefire.testng.TestNGProvider.invoke(TestNGProvider.java:119)
at org.apache.maven.surefire.booter.ForkedBooter.runSuitesInProcess(ForkedBooter.java:428)
at org.apache.maven.surefire.booter.ForkedBooter.execute(ForkedBooter.java:162)
at org.apache.maven.surefire.booter.ForkedBooter.run(ForkedBooter.java:562)
at org.apache.maven.surefire.booter.ForkedBooter.main(ForkedBooter.java:548)
]]>
            </full-stacktrace>
          </exception> <!-- org.openqa.selenium.NoSuchElementException -->
          <reporter-output>
          </reporter-output>
        </test-method> <!-- seePhotos -->
        <test-method is-config="true" signature="driverExit()[pri:0, instance:runner.RentArticle@1649b0e6]" started-at="2022-03-26T09:36:52 IST" name="driverExit" finished-at="2022-03-26T09:36:53 IST" duration-ms="1154" status="PASS">
          <reporter-output>
          </reporter-output>
        </test-method> <!-- driverExit -->
      </class> <!-- runner.RentArticle -->
    </test> <!-- Test4 -->
    <test started-at="2022-03-26T09:36:53 IST" name="Test5" finished-at="2022-03-26T09:37:02 IST" duration-ms="9358">
      <class name="runner.CommercialPropertyArticle">
        <test-method is-config="true" signature="required()[pri:0, instance:runner.CommercialPropertyArticle@770d3326]" started-at="2022-03-26T09:36:53 IST" name="required" finished-at="2022-03-26T09:36:53 IST" duration-ms="0" status="PASS">
          <reporter-output>
          </reporter-output>
        </test-method> <!-- required -->
        <test-method is-config="true" signature="driverSetUp(java.lang.String)[pri:0, instance:runner.CommercialPropertyArticle@770d3326]" started-at="2022-03-26T09:36:53 IST" name="driverSetUp" finished-at="2022-03-26T09:36:54 IST" duration-ms="779" status="PASS">
          <params>
            <param index="0">
              <value>
                <![CDATA[chrome]]>
              </value>
            </param>
          </params>
          <reporter-output>
          </reporter-output>
        </test-method> <!-- driverSetUp -->
        <test-method signature="setUp()[pri:0, instance:runner.CommercialPropertyArticle@770d3326]" started-at="2022-03-26T09:36:54 IST" name="setUp" finished-at="2022-03-26T09:36:54 IST" duration-ms="0" status="PASS">
          <reporter-output>
          </reporter-output>
        </test-method> <!-- setUp -->
        <test-method signature="openNoDroker()[pri:1, instance:runner.CommercialPropertyArticle@770d3326]" started-at="2022-03-26T09:36:54 IST" name="openNoDroker" finished-at="2022-03-26T09:36:57 IST" duration-ms="2664" status="PASS">
          <reporter-output>
          </reporter-output>
        </test-method> <!-- openNoDroker -->
        <test-method signature="selectSearchType()[pri:2, instance:runner.CommercialPropertyArticle@770d3326]" started-at="2022-03-26T09:36:57 IST" name="selectSearchType" finished-at="2022-03-26T09:36:57 IST" duration-ms="335" status="PASS">
          <reporter-output>
          </reporter-output>
        </test-method> <!-- selectSearchType -->
        <test-method signature="selectCity()[pri:3, instance:runner.CommercialPropertyArticle@770d3326]" started-at="2022-03-26T09:36:57 IST" name="selectCity" finished-at="2022-03-26T09:36:57 IST" duration-ms="479" status="PASS">
          <reporter-output>
          </reporter-output>
        </test-method> <!-- selectCity -->
        <test-method signature="selectCommercialPropertyType()[pri:4, instance:runner.CommercialPropertyArticle@770d3326]" started-at="2022-03-26T09:36:57 IST" name="selectCommercialPropertyType" finished-at="2022-03-26T09:36:57 IST" duration-ms="81" status="PASS">
          <reporter-output>
          </reporter-output>
        </test-method> <!-- selectCommercialPropertyType -->
        <test-method signature="optionFromDropDown()[pri:5, instance:runner.CommercialPropertyArticle@770d3326]" started-at="2022-03-26T09:36:57 IST" name="optionFromDropDown" finished-at="2022-03-26T09:36:58 IST" duration-ms="338" status="PASS">
          <reporter-output>
          </reporter-output>
        </test-method> <!-- optionFromDropDown -->
        <test-method signature="selectLocalityAndSearch()[pri:6, instance:runner.CommercialPropertyArticle@770d3326]" started-at="2022-03-26T09:36:58 IST" name="selectLocalityAndSearch" finished-at="2022-03-26T09:36:59 IST" duration-ms="1623" status="PASS">
          <reporter-output>
          </reporter-output>
        </test-method> <!-- selectLocalityAndSearch -->
        <test-method signature="clickArticle()[pri:7, instance:runner.CommercialPropertyArticle@770d3326]" started-at="2022-03-26T09:36:59 IST" name="clickArticle" finished-at="2022-03-26T09:37:00 IST" duration-ms="1124" status="PASS">
          <reporter-output>
          </reporter-output>
        </test-method> <!-- clickArticle -->
        <test-method signature="seePhotos()[pri:8, instance:runner.CommercialPropertyArticle@770d3326]" started-at="2022-03-26T09:37:00 IST" name="seePhotos" finished-at="2022-03-26T09:37:02 IST" duration-ms="1096" status="PASS">
          <reporter-output>
          </reporter-output>
        </test-method> <!-- seePhotos -->
        <test-method is-config="true" signature="driverExit()[pri:0, instance:runner.CommercialPropertyArticle@770d3326]" started-at="2022-03-26T09:37:02 IST" name="driverExit" finished-at="2022-03-26T09:37:02 IST" duration-ms="831" status="PASS">
          <reporter-output>
          </reporter-output>
        </test-method> <!-- driverExit -->
      </class> <!-- runner.CommercialPropertyArticle -->
    </test> <!-- Test5 -->
    <test started-at="2022-03-26T09:37:02 IST" name="Test6" finished-at="2022-03-26T09:37:13 IST" duration-ms="11004">
      <class name="runner.CommercialPropertyMap">
        <test-method is-config="true" signature="required()[pri:0, instance:runner.CommercialPropertyMap@26275bef]" started-at="2022-03-26T09:37:02 IST" name="required" finished-at="2022-03-26T09:37:02 IST" duration-ms="0" status="PASS">
          <reporter-output>
          </reporter-output>
        </test-method> <!-- required -->
        <test-method is-config="true" signature="driverSetUp(java.lang.String)[pri:0, instance:runner.CommercialPropertyMap@26275bef]" started-at="2022-03-26T09:37:02 IST" name="driverSetUp" finished-at="2022-03-26T09:37:03 IST" duration-ms="836" status="PASS">
          <params>
            <param index="0">
              <value>
                <![CDATA[chrome]]>
              </value>
            </param>
          </params>
          <reporter-output>
          </reporter-output>
        </test-method> <!-- driverSetUp -->
        <test-method signature="openNoDroker()[pri:1, instance:runner.CommercialPropertyMap@26275bef]" started-at="2022-03-26T09:37:03 IST" name="openNoDroker" finished-at="2022-03-26T09:37:05 IST" duration-ms="2184" status="PASS">
          <reporter-output>
          </reporter-output>
        </test-method> <!-- openNoDroker -->
        <test-method signature="setUp()[pri:0, instance:runner.CommercialPropertyMap@26275bef]" started-at="2022-03-26T09:37:03 IST" name="setUp" finished-at="2022-03-26T09:37:03 IST" duration-ms="0" status="PASS">
          <reporter-output>
          </reporter-output>
        </test-method> <!-- setUp -->
        <test-method signature="selectSearchType()[pri:2, instance:runner.CommercialPropertyMap@26275bef]" started-at="2022-03-26T09:37:05 IST" name="selectSearchType" finished-at="2022-03-26T09:37:06 IST" duration-ms="678" status="PASS">
          <reporter-output>
          </reporter-output>
        </test-method> <!-- selectSearchType -->
        <test-method signature="selectCity()[pri:3, instance:runner.CommercialPropertyMap@26275bef]" started-at="2022-03-26T09:37:06 IST" name="selectCity" finished-at="2022-03-26T09:37:06 IST" duration-ms="256" status="PASS">
          <reporter-output>
          </reporter-output>
        </test-method> <!-- selectCity -->
        <test-method signature="selectCommercialPropertyType()[pri:4, instance:runner.CommercialPropertyMap@26275bef]" started-at="2022-03-26T09:37:06 IST" name="selectCommercialPropertyType" finished-at="2022-03-26T09:37:07 IST" duration-ms="92" status="PASS">
          <reporter-output>
          </reporter-output>
        </test-method> <!-- selectCommercialPropertyType -->
        <test-method signature="optionFromDropDown()[pri:5, instance:runner.CommercialPropertyMap@26275bef]" started-at="2022-03-26T09:37:07 IST" name="optionFromDropDown" finished-at="2022-03-26T09:37:07 IST" duration-ms="226" status="PASS">
          <reporter-output>
          </reporter-output>
        </test-method> <!-- optionFromDropDown -->
        <test-method signature="selectLocalityAndSearch()[pri:6, instance:runner.CommercialPropertyMap@26275bef]" started-at="2022-03-26T09:37:07 IST" name="selectLocalityAndSearch" finished-at="2022-03-26T09:37:09 IST" duration-ms="1905" status="PASS">
          <reporter-output>
          </reporter-output>
        </test-method> <!-- selectLocalityAndSearch -->
        <test-method signature="swithMapAndZoom()[pri:7, instance:runner.CommercialPropertyMap@26275bef]" started-at="2022-03-26T09:37:09 IST" name="swithMapAndZoom" finished-at="2022-03-26T09:37:12 IST" duration-ms="3652" status="PASS">
          <reporter-output>
          </reporter-output>
        </test-method> <!-- swithMapAndZoom -->
        <test-method is-config="true" signature="driverExit()[pri:0, instance:runner.CommercialPropertyMap@26275bef]" started-at="2022-03-26T09:37:12 IST" name="driverExit" finished-at="2022-03-26T09:37:13 IST" duration-ms="1172" status="PASS">
          <reporter-output>
          </reporter-output>
        </test-method> <!-- driverExit -->
      </class> <!-- runner.CommercialPropertyMap -->
    </test> <!-- Test6 -->
    <test started-at="2022-03-26T09:37:14 IST" name="Test7" finished-at="2022-03-26T09:37:20 IST" duration-ms="6935">
      <class name="runner.EmiCalculator">
        <test-method is-config="true" signature="required()[pri:0, instance:runner.EmiCalculator@3a6bb9bf]" started-at="2022-03-26T09:37:14 IST" name="required" finished-at="2022-03-26T09:37:14 IST" duration-ms="0" status="PASS">
          <reporter-output>
          </reporter-output>
        </test-method> <!-- required -->
        <test-method is-config="true" signature="driverSetUp(java.lang.String)[pri:0, instance:runner.EmiCalculator@3a6bb9bf]" started-at="2022-03-26T09:37:14 IST" name="driverSetUp" finished-at="2022-03-26T09:37:14 IST" duration-ms="803" status="PASS">
          <params>
            <param index="0">
              <value>
                <![CDATA[chrome]]>
              </value>
            </param>
          </params>
          <reporter-output>
          </reporter-output>
        </test-method> <!-- driverSetUp -->
        <test-method signature="setUp()[pri:0, instance:runner.EmiCalculator@3a6bb9bf]" started-at="2022-03-26T09:37:14 IST" name="setUp" finished-at="2022-03-26T09:37:14 IST" duration-ms="2" status="PASS">
          <reporter-output>
          </reporter-output>
        </test-method> <!-- setUp -->
        <test-method signature="openNoDroker()[pri:1, instance:runner.EmiCalculator@3a6bb9bf]" started-at="2022-03-26T09:37:14 IST" name="openNoDroker" finished-at="2022-03-26T09:37:16 IST" duration-ms="2067" status="PASS">
          <reporter-output>
          </reporter-output>
        </test-method> <!-- openNoDroker -->
        <test-method signature="emiFooterLink()[pri:2, instance:runner.EmiCalculator@3a6bb9bf]" started-at="2022-03-26T09:37:16 IST" name="emiFooterLink" finished-at="2022-03-26T09:37:19 IST" duration-ms="2562" status="PASS">
          <reporter-output>
          </reporter-output>
        </test-method> <!-- emiFooterLink -->
        <test-method signature="loanAmount()[pri:3, instance:runner.EmiCalculator@3a6bb9bf]" started-at="2022-03-26T09:37:19 IST" name="loanAmount" finished-at="2022-03-26T09:37:19 IST" duration-ms="199" status="PASS">
          <reporter-output>
          </reporter-output>
        </test-method> <!-- loanAmount -->
        <test-method signature="rateOfInterest()[pri:4, instance:runner.EmiCalculator@3a6bb9bf]" started-at="2022-03-26T09:37:19 IST" name="rateOfInterest" finished-at="2022-03-26T09:37:19 IST" duration-ms="94" status="PASS">
          <reporter-output>
          </reporter-output>
        </test-method> <!-- rateOfInterest -->
        <test-method signature="loanTenure()[pri:5, instance:runner.EmiCalculator@3a6bb9bf]" started-at="2022-03-26T09:37:19 IST" name="loanTenure" finished-at="2022-03-26T09:37:19 IST" duration-ms="111" status="PASS">
          <reporter-output>
          </reporter-output>
        </test-method> <!-- loanTenure -->
        <test-method signature="output()[pri:6, instance:runner.EmiCalculator@3a6bb9bf]" started-at="2022-03-26T09:37:19 IST" name="output" finished-at="2022-03-26T09:37:20 IST" duration-ms="434" status="PASS">
          <reporter-output>
          </reporter-output>
        </test-method> <!-- output -->
        <test-method is-config="true" signature="driverExit()[pri:0, instance:runner.EmiCalculator@3a6bb9bf]" started-at="2022-03-26T09:37:20 IST" name="driverExit" finished-at="2022-03-26T09:37:20 IST" duration-ms="658" status="PASS">
          <reporter-output>
          </reporter-output>
        </test-method> <!-- driverExit -->
      </class> <!-- runner.EmiCalculator -->
    </test> <!-- Test7 -->
    <test started-at="2022-03-26T09:37:20 IST" name="Test8" finished-at="2022-03-26T09:37:29 IST" duration-ms="8245">
      <class name="runner.AboutUs">
        <test-method is-config="true" signature="required()[pri:0, instance:runner.AboutUs@62230c58]" started-at="2022-03-26T09:37:20 IST" name="required" finished-at="2022-03-26T09:37:20 IST" duration-ms="1" status="PASS">
          <reporter-output>
          </reporter-output>
        </test-method> <!-- required -->
        <test-method is-config="true" signature="driverSetUp(java.lang.String)[pri:0, instance:runner.AboutUs@62230c58]" started-at="2022-03-26T09:37:20 IST" name="driverSetUp" finished-at="2022-03-26T09:37:21 IST" duration-ms="739" status="PASS">
          <params>
            <param index="0">
              <value>
                <![CDATA[chrome]]>
              </value>
            </param>
          </params>
          <reporter-output>
          </reporter-output>
        </test-method> <!-- driverSetUp -->
        <test-method signature="setUp()[pri:0, instance:runner.AboutUs@62230c58]" started-at="2022-03-26T09:37:21 IST" name="setUp" finished-at="2022-03-26T09:37:21 IST" duration-ms="4" status="PASS">
          <reporter-output>
          </reporter-output>
        </test-method> <!-- setUp -->
        <test-method signature="openNoDroker()[pri:1, instance:runner.AboutUs@62230c58]" started-at="2022-03-26T09:37:21 IST" name="openNoDroker" finished-at="2022-03-26T09:37:24 IST" duration-ms="2765" status="PASS">
          <reporter-output>
          </reporter-output>
        </test-method> <!-- openNoDroker -->
        <test-method signature="clickAboutUs()[pri:2, instance:runner.AboutUs@62230c58]" started-at="2022-03-26T09:37:24 IST" name="clickAboutUs" finished-at="2022-03-26T09:37:25 IST" duration-ms="1151" status="PASS">
          <reporter-output>
          </reporter-output>
        </test-method> <!-- clickAboutUs -->
        <test-method signature="OpenTwitter()[pri:3, instance:runner.AboutUs@62230c58]" started-at="2022-03-26T09:37:25 IST" name="OpenTwitter" finished-at="2022-03-26T09:37:28 IST" duration-ms="2811" status="PASS">
          <reporter-output>
          </reporter-output>
        </test-method> <!-- OpenTwitter -->
        <test-method is-config="true" signature="driverExit()[pri:0, instance:runner.AboutUs@62230c58]" started-at="2022-03-26T09:37:28 IST" name="driverExit" finished-at="2022-03-26T09:37:29 IST" duration-ms="772" status="PASS">
          <reporter-output>
          </reporter-output>
        </test-method> <!-- driverExit -->
      </class> <!-- runner.AboutUs -->
    </test> <!-- Test8 -->
    <test started-at="2022-03-26T09:37:29 IST" name="Test9" finished-at="2022-03-26T09:37:36 IST" duration-ms="7388">
      <class name="runner.Wallet">
        <test-method is-config="true" signature="required()[pri:0, instance:runner.Wallet@79da8dc5]" started-at="2022-03-26T09:37:29 IST" name="required" finished-at="2022-03-26T09:37:29 IST" duration-ms="0" status="PASS">
          <reporter-output>
          </reporter-output>
        </test-method> <!-- required -->
        <test-method is-config="true" signature="driverSetUp(java.lang.String)[pri:0, instance:runner.Wallet@79da8dc5]" started-at="2022-03-26T09:37:29 IST" name="driverSetUp" finished-at="2022-03-26T09:37:30 IST" duration-ms="806" status="PASS">
          <params>
            <param index="0">
              <value>
                <![CDATA[chrome]]>
              </value>
            </param>
          </params>
          <reporter-output>
          </reporter-output>
        </test-method> <!-- driverSetUp -->
        <test-method signature="setUp()[pri:0, instance:runner.Wallet@79da8dc5]" started-at="2022-03-26T09:37:30 IST" name="setUp" finished-at="2022-03-26T09:37:30 IST" duration-ms="1" status="PASS">
          <reporter-output>
          </reporter-output>
        </test-method> <!-- setUp -->
        <test-method signature="openNoDroker()[pri:1, instance:runner.Wallet@79da8dc5]" started-at="2022-03-26T09:37:30 IST" name="openNoDroker" finished-at="2022-03-26T09:37:35 IST" duration-ms="5132" status="PASS">
          <reporter-output>
          </reporter-output>
        </test-method> <!-- openNoDroker -->
        <test-method signature="openMenu()[pri:2, instance:runner.Wallet@79da8dc5]" started-at="2022-03-26T09:37:35 IST" name="openMenu" finished-at="2022-03-26T09:37:35 IST" duration-ms="177" status="PASS">
          <reporter-output>
          </reporter-output>
        </test-method> <!-- openMenu -->
        <test-method signature="openWallet()[pri:3, instance:runner.Wallet@79da8dc5]" started-at="2022-03-26T09:37:35 IST" name="openWallet" finished-at="2022-03-26T09:37:36 IST" duration-ms="708" status="PASS">
          <reporter-output>
          </reporter-output>
        </test-method> <!-- openWallet -->
        <test-method signature="joinClub()[pri:4, instance:runner.Wallet@79da8dc5]" started-at="2022-03-26T09:37:36 IST" name="joinClub" finished-at="2022-03-26T09:37:36 IST" duration-ms="136" status="FAIL">
          <exception class="org.openqa.selenium.StaleElementReferenceException">
            <message>
              <![CDATA[stale element reference: element is not attached to the page document
  (Session info: chrome=99.0.4844.82)
For documentation on this error, please visit: https://www.seleniumhq.org/exceptions/stale_element_reference.html
Build info: version: '3.141.59', revision: 'e82be7d358', time: '2018-11-14T08:17:03'
System info: host: 'LAPTOP-16O54L56', ip: '192.168.29.165', os.name: 'Windows 10', os.arch: 'amd64', os.version: '10.0', java.version: '16.0.2'
Driver info: org.openqa.selenium.chrome.ChromeDriver
Capabilities {acceptInsecureCerts: false, browserName: chrome, browserVersion: 99.0.4844.82, chrome: {chromedriverVersion: 98.0.4758.80 (7f0488e8ba0d8..., userDataDir: C:\Users\prave\AppData\Loca...}, goog:chromeOptions: {debuggerAddress: localhost:62231}, javascriptEnabled: true, networkConnectionEnabled: false, pageLoadStrategy: normal, platform: WINDOWS, platformName: WINDOWS, proxy: Proxy(), setWindowRect: true, strictFileInteractability: false, timeouts: {implicit: 0, pageLoad: 300000, script: 30000}, unhandledPromptBehavior: dismiss and notify, webauthn:extension:credBlob: true, webauthn:extension:largeBlob: true, webauthn:virtualAuthenticators: true}
Session ID: 25a639e5ce2f4b9f334d5dd731f1fc82]]>
            </message>
            <full-stacktrace>
              <![CDATA[org.openqa.selenium.StaleElementReferenceException: stale element reference: element is not attached to the page document
  (Session info: chrome=99.0.4844.82)
For documentation on this error, please visit: https://www.seleniumhq.org/exceptions/stale_element_reference.html
Build info: version: '3.141.59', revision: 'e82be7d358', time: '2018-11-14T08:17:03'
System info: host: 'LAPTOP-16O54L56', ip: '192.168.29.165', os.name: 'Windows 10', os.arch: 'amd64', os.version: '10.0', java.version: '16.0.2'
Driver info: org.openqa.selenium.chrome.ChromeDriver
Capabilities {acceptInsecureCerts: false, browserName: chrome, browserVersion: 99.0.4844.82, chrome: {chromedriverVersion: 98.0.4758.80 (7f0488e8ba0d8..., userDataDir: C:\Users\prave\AppData\Loca...}, goog:chromeOptions: {debuggerAddress: localhost:62231}, javascriptEnabled: true, networkConnectionEnabled: false, pageLoadStrategy: normal, platform: WINDOWS, platformName: WINDOWS, proxy: Proxy(), setWindowRect: true, strictFileInteractability: false, timeouts: {implicit: 0, pageLoad: 300000, script: 30000}, unhandledPromptBehavior: dismiss and notify, webauthn:extension:credBlob: true, webauthn:extension:largeBlob: true, webauthn:virtualAuthenticators: true}
Session ID: 25a639e5ce2f4b9f334d5dd731f1fc82
at java.base/jdk.internal.reflect.NativeConstructorAccessorImpl.newInstance0(Native Method)
at java.base/jdk.internal.reflect.NativeConstructorAccessorImpl.newInstance(NativeConstructorAccessorImpl.java:78)
at java.base/jdk.internal.reflect.DelegatingConstructorAccessorImpl.newInstance(DelegatingConstructorAccessorImpl.java:45)
at java.base/java.lang.reflect.Constructor.newInstanceWithCaller(Constructor.java:499)
at java.base/java.lang.reflect.Constructor.newInstance(Constructor.java:480)
at org.openqa.selenium.remote.http.W3CHttpResponseCodec.createException(W3CHttpResponseCodec.java:187)
at org.openqa.selenium.remote.http.W3CHttpResponseCodec.decode(W3CHttpResponseCodec.java:122)
at org.openqa.selenium.remote.http.W3CHttpResponseCodec.decode(W3CHttpResponseCodec.java:49)
at org.openqa.selenium.remote.HttpCommandExecutor.execute(HttpCommandExecutor.java:158)
at org.openqa.selenium.remote.service.DriverCommandExecutor.execute(DriverCommandExecutor.java:83)
at org.openqa.selenium.remote.RemoteWebDriver.execute(RemoteWebDriver.java:552)
at org.openqa.selenium.remote.RemoteWebElement.execute(RemoteWebElement.java:285)
at org.openqa.selenium.remote.RemoteWebElement.click(RemoteWebElement.java:84)
at reusable.WebDriverHelper.clickElement(WebDriverHelper.java:20)
at pageobject.WalletPage.clickClub(WalletPage.java:28)
at runner.Wallet.joinClub(Wallet.java:57)
at java.base/jdk.internal.reflect.NativeMethodAccessorImpl.invoke0(Native Method)
at java.base/jdk.internal.reflect.NativeMethodAccessorImpl.invoke(NativeMethodAccessorImpl.java:78)
at java.base/jdk.internal.reflect.DelegatingMethodAccessorImpl.invoke(DelegatingMethodAccessorImpl.java:43)
at java.base/java.lang.reflect.Method.invoke(Method.java:567)
at org.testng.internal.MethodInvocationHelper.invokeMethod(MethodInvocationHelper.java:133)
at org.testng.internal.TestInvoker.invokeMethod(TestInvoker.java:584)
at org.testng.internal.TestInvoker.invokeTestMethod(TestInvoker.java:172)
at org.testng.internal.MethodRunner.runInSequence(MethodRunner.java:46)
at org.testng.internal.TestInvoker$MethodInvocationAgent.invoke(TestInvoker.java:804)
at org.testng.internal.TestInvoker.invokeTestMethods(TestInvoker.java:145)
at org.testng.internal.TestMethodWorker.invokeTestMethods(TestMethodWorker.java:146)
at org.testng.internal.TestMethodWorker.run(TestMethodWorker.java:128)
at java.base/java.util.ArrayList.forEach(ArrayList.java:1511)
at org.testng.TestRunner.privateRun(TestRunner.java:770)
at org.testng.TestRunner.run(TestRunner.java:591)
at org.testng.SuiteRunner.runTest(SuiteRunner.java:402)
at org.testng.SuiteRunner.runSequentially(SuiteRunner.java:396)
at org.testng.SuiteRunner.privateRun(SuiteRunner.java:355)
at org.testng.SuiteRunner.run(SuiteRunner.java:304)
at org.testng.SuiteRunnerWorker.runSuite(SuiteRunnerWorker.java:53)
at org.testng.SuiteRunnerWorker.run(SuiteRunnerWorker.java:96)
at org.testng.TestNG.runSuitesSequentially(TestNG.java:1180)
at org.testng.TestNG.runSuitesLocally(TestNG.java:1102)
at org.testng.TestNG.runSuites(TestNG.java:1032)
at org.testng.TestNG.run(TestNG.java:1000)
at org.apache.maven.surefire.testng.TestNGExecutor.run(TestNGExecutor.java:284)
at org.apache.maven.surefire.testng.TestNGXmlTestSuite.execute(TestNGXmlTestSuite.java:75)
at org.apache.maven.surefire.testng.TestNGProvider.invoke(TestNGProvider.java:119)
at org.apache.maven.surefire.booter.ForkedBooter.runSuitesInProcess(ForkedBooter.java:428)
at org.apache.maven.surefire.booter.ForkedBooter.execute(ForkedBooter.java:162)
at org.apache.maven.surefire.booter.ForkedBooter.run(ForkedBooter.java:562)
at org.apache.maven.surefire.booter.ForkedBooter.main(ForkedBooter.java:548)
]]>
            </full-stacktrace>
          </exception> <!-- org.openqa.selenium.StaleElementReferenceException -->
          <reporter-output>
          </reporter-output>
        </test-method> <!-- joinClub -->
        <test-method is-config="true" signature="driverExit()[pri:0, instance:runner.Wallet@79da8dc5]" started-at="2022-03-26T09:37:36 IST" name="driverExit" finished-at="2022-03-26T09:37:36 IST" duration-ms="423" status="PASS">
          <reporter-output>
          </reporter-output>
        </test-method> <!-- driverExit -->
      </class> <!-- runner.Wallet -->
    </test> <!-- Test9 -->
    <test started-at="2022-03-26T09:37:36 IST" name="Test10" finished-at="2022-03-26T09:37:47 IST" duration-ms="11060">
      <class name="runner.Interior">
        <test-method is-config="true" signature="required()[pri:0, instance:runner.Interior@2f8dad04]" started-at="2022-03-26T09:37:36 IST" name="required" finished-at="2022-03-26T09:37:36 IST" duration-ms="0" status="PASS">
          <reporter-output>
          </reporter-output>
        </test-method> <!-- required -->
        <test-method is-config="true" signature="driverSetUp(java.lang.String)[pri:0, instance:runner.Interior@2f8dad04]" started-at="2022-03-26T09:37:36 IST" name="driverSetUp" finished-at="2022-03-26T09:37:37 IST" duration-ms="803" status="PASS">
          <params>
            <param index="0">
              <value>
                <![CDATA[chrome]]>
              </value>
            </param>
          </params>
          <reporter-output>
          </reporter-output>
        </test-method> <!-- driverSetUp -->
        <test-method signature="setUp()[pri:0, instance:runner.Interior@2f8dad04]" started-at="2022-03-26T09:37:37 IST" name="setUp" finished-at="2022-03-26T09:37:37 IST" duration-ms="2" status="PASS">
          <reporter-output>
          </reporter-output>
        </test-method> <!-- setUp -->
        <test-method signature="openNoDroker()[pri:1, instance:runner.Interior@2f8dad04]" started-at="2022-03-26T09:37:37 IST" name="openNoDroker" finished-at="2022-03-26T09:37:38 IST" duration-ms="1552" status="PASS">
          <reporter-output>
          </reporter-output>
        </test-method> <!-- openNoDroker -->
        <test-method signature="openMenu()[pri:2, instance:runner.Interior@2f8dad04]" started-at="2022-03-26T09:37:38 IST" name="openMenu" finished-at="2022-03-26T09:37:39 IST" duration-ms="193" status="PASS">
          <reporter-output>
          </reporter-output>
        </test-method> <!-- openMenu -->
        <test-method signature="openInterior()[pri:3, instance:runner.Interior@2f8dad04]" started-at="2022-03-26T09:37:39 IST" name="openInterior" finished-at="2022-03-26T09:37:45 IST" duration-ms="6450" status="PASS">
          <reporter-output>
          </reporter-output>
        </test-method> <!-- openInterior -->
        <test-method signature="seeRoomPhotos()[pri:4, instance:runner.Interior@2f8dad04]" started-at="2022-03-26T09:37:45 IST" name="seeRoomPhotos" finished-at="2022-03-26T09:37:47 IST" duration-ms="1533" status="PASS">
          <reporter-output>
          </reporter-output>
        </test-method> <!-- seeRoomPhotos -->
        <test-method is-config="true" signature="driverExit()[pri:0, instance:runner.Interior@2f8dad04]" started-at="2022-03-26T09:37:47 IST" name="driverExit" finished-at="2022-03-26T09:37:47 IST" duration-ms="524" status="PASS">
          <reporter-output>
          </reporter-output>
        </test-method> <!-- driverExit -->
      </class> <!-- runner.Interior -->
    </test> <!-- Test10 -->
  </suite> <!-- Suite -->
</testng-results>
